2021-03-03 15:24:19.783 [main] INFO  com.yzz.wam.WamApplication - Starting WamApplication using Java 1.8.0_231 on MECH-YKY with PID 19704 (D:\java\things\YzzUtils\worthlessamodule\target\classes started by harry in D:\java\things\YzzUtils)
2021-03-03 15:24:19.868 [main] INFO  com.yzz.wam.WamApplication - No active profile set, falling back to default profiles: default
2021-03-03 15:24:21.956 [main] INFO  org.apache.coyote.http11.Http11NioProtocol - Initializing ProtocolHandler ["http-nio-9233"]
2021-03-03 15:24:21.956 [main] INFO  org.apache.catalina.core.StandardService - Starting service [Tomcat]
2021-03-03 15:24:21.957 [main] INFO  org.apache.catalina.core.StandardEngine - Starting Servlet engine: [Apache Tomcat/9.0.41]
2021-03-03 15:24:22.079 [main] INFO  org.apache.catalina.core.ContainerBase.[Tomcat].[localhost].[/] - Initializing Spring embedded WebApplicationContext
2021-03-03 15:24:22.800 [main] INFO  org.apache.coyote.http11.Http11NioProtocol - Starting ProtocolHandler ["http-nio-9233"]
2021-03-03 15:24:22.854 [main] INFO  com.yzz.wam.WamApplication - Started WamApplication in 4.281 seconds (JVM running for 7.664)
2021-03-03 15:25:09.010 [http-nio-9233-exec-1] INFO  org.apache.catalina.core.ContainerBase.[Tomcat].[localhost].[/] - Initializing Spring DispatcherServlet 'dispatcherServlet'
2021-03-03 15:25:09.050 [http-nio-9233-exec-1] INFO  com.yzz.wam.intercepter.MyInterceptors - 进入拦截器
2021-03-03 15:25:09.316 [http-nio-9233-exec-2] INFO  com.yzz.wam.intercepter.MyInterceptors - 进入拦截器
2021-03-03 15:26:28.131 [main] INFO  com.yzz.wam.WamApplication - Starting WamApplication using Java 1.8.0_231 on MECH-YKY with PID 5408 (D:\java\things\YzzUtils\worthlessamodule\target\classes started by harry in D:\java\things\YzzUtils)
2021-03-03 15:26:28.139 [main] INFO  com.yzz.wam.WamApplication - No active profile set, falling back to default profiles: default
2021-03-03 15:26:28.910 [main] INFO  org.apache.coyote.http11.Http11NioProtocol - Initializing ProtocolHandler ["http-nio-9233"]
2021-03-03 15:26:28.911 [main] INFO  org.apache.catalina.core.StandardService - Starting service [Tomcat]
2021-03-03 15:26:28.911 [main] INFO  org.apache.catalina.core.StandardEngine - Starting Servlet engine: [Apache Tomcat/9.0.41]
2021-03-03 15:26:28.985 [main] INFO  org.apache.catalina.core.ContainerBase.[Tomcat].[localhost].[/] - Initializing Spring embedded WebApplicationContext
2021-03-03 15:26:29.336 [main] INFO  org.apache.coyote.http11.Http11NioProtocol - Starting ProtocolHandler ["http-nio-9233"]
2021-03-03 15:26:29.377 [main] INFO  com.yzz.wam.WamApplication - Started WamApplication in 1.829 seconds (JVM running for 3.296)
2021-03-03 15:26:44.477 [http-nio-9233-exec-1] INFO  org.apache.catalina.core.ContainerBase.[Tomcat].[localhost].[/] - Initializing Spring DispatcherServlet 'dispatcherServlet'
2021-03-03 15:26:44.486 [http-nio-9233-exec-1] INFO  com.yzz.wam.filter.MyFilter - 进入过滤器
2021-03-03 15:26:44.498 [http-nio-9233-exec-1] INFO  com.yzz.wam.intercepter.MyInterceptors - 进入拦截器
2021-03-03 15:26:44.500 [http-nio-9233-exec-1] INFO  com.yzz.wam.intercepter.MyInterceptors - 完成拦截器
2021-03-03 15:26:44.500 [http-nio-9233-exec-1] INFO  com.yzz.wam.intercepter.MyInterceptors - 完成拦截器2
2021-03-03 15:26:44.501 [http-nio-9233-exec-1] INFO  com.yzz.wam.filter.MyFilter - 完成过滤器
2021-03-03 15:26:44.508 [http-nio-9233-exec-1] INFO  com.yzz.wam.intercepter.MyInterceptors - 进入拦截器
2021-03-03 15:26:44.592 [http-nio-9233-exec-1] INFO  com.yzz.wam.intercepter.MyInterceptors - 完成拦截器
2021-03-03 15:26:44.606 [http-nio-9233-exec-1] INFO  com.yzz.wam.intercepter.MyInterceptors - 完成拦截器2
2021-03-03 15:26:44.861 [http-nio-9233-exec-2] INFO  com.yzz.wam.filter.MyFilter - 进入过滤器
2021-03-03 15:26:44.861 [http-nio-9233-exec-2] INFO  com.yzz.wam.intercepter.MyInterceptors - 进入拦截器
2021-03-03 15:26:44.863 [http-nio-9233-exec-2] INFO  com.yzz.wam.intercepter.MyInterceptors - 完成拦截器
2021-03-03 15:26:44.863 [http-nio-9233-exec-2] INFO  com.yzz.wam.intercepter.MyInterceptors - 完成拦截器2
2021-03-03 15:26:44.863 [http-nio-9233-exec-2] INFO  com.yzz.wam.filter.MyFilter - 完成过滤器
2021-03-03 15:26:44.864 [http-nio-9233-exec-2] INFO  com.yzz.wam.intercepter.MyInterceptors - 进入拦截器
2021-03-03 15:26:45.034 [http-nio-9233-exec-2] INFO  com.yzz.wam.intercepter.MyInterceptors - 完成拦截器
2021-03-03 15:26:45.034 [http-nio-9233-exec-2] INFO  com.yzz.wam.intercepter.MyInterceptors - 完成拦截器2
2021-03-03 15:27:35.710 [http-nio-9233-exec-3] INFO  com.yzz.wam.filter.MyFilter - 进入过滤器
2021-03-03 15:27:35.711 [http-nio-9233-exec-3] INFO  com.yzz.wam.intercepter.MyInterceptors - 进入拦截器
2021-03-03 15:27:35.714 [http-nio-9233-exec-3] INFO  com.yzz.wam.intercepter.MyInterceptors - 完成拦截器
2021-03-03 15:27:35.714 [http-nio-9233-exec-3] INFO  com.yzz.wam.intercepter.MyInterceptors - 完成拦截器2
2021-03-03 15:27:35.714 [http-nio-9233-exec-3] INFO  com.yzz.wam.filter.MyFilter - 完成过滤器
2021-03-03 15:27:35.715 [http-nio-9233-exec-3] INFO  com.yzz.wam.intercepter.MyInterceptors - 进入拦截器
2021-03-03 15:27:35.716 [http-nio-9233-exec-3] INFO  com.yzz.wam.intercepter.MyInterceptors - 完成拦截器
2021-03-03 15:27:35.717 [http-nio-9233-exec-3] INFO  com.yzz.wam.intercepter.MyInterceptors - 完成拦截器2
2021-03-03 15:27:41.044 [http-nio-9233-exec-4] INFO  com.yzz.wam.filter.MyFilter - 进入过滤器
2021-03-03 15:27:41.045 [http-nio-9233-exec-4] INFO  com.yzz.wam.intercepter.MyInterceptors - 进入拦截器
2021-03-03 15:27:41.045 [http-nio-9233-exec-4] INFO  com.yzz.wam.intercepter.MyInterceptors - 完成拦截器
2021-03-03 15:27:41.046 [http-nio-9233-exec-4] INFO  com.yzz.wam.intercepter.MyInterceptors - 完成拦截器2
2021-03-03 15:27:41.046 [http-nio-9233-exec-4] INFO  com.yzz.wam.filter.MyFilter - 完成过滤器
2021-03-03 15:27:41.047 [http-nio-9233-exec-4] INFO  com.yzz.wam.intercepter.MyInterceptors - 进入拦截器
2021-03-03 15:27:41.048 [http-nio-9233-exec-4] INFO  com.yzz.wam.intercepter.MyInterceptors - 完成拦截器
2021-03-03 15:27:41.048 [http-nio-9233-exec-4] INFO  com.yzz.wam.intercepter.MyInterceptors - 完成拦截器2
2021-03-03 15:28:14.612 [main] INFO  com.yzz.wam.WamApplication - Starting WamApplication using Java 1.8.0_231 on MECH-YKY with PID 20252 (D:\java\things\YzzUtils\worthlessamodule\target\classes started by harry in D:\java\things\YzzUtils)
2021-03-03 15:28:14.623 [main] INFO  com.yzz.wam.WamApplication - No active profile set, falling back to default profiles: default
2021-03-03 15:28:15.488 [main] INFO  org.apache.coyote.http11.Http11NioProtocol - Initializing ProtocolHandler ["http-nio-9233"]
2021-03-03 15:28:15.489 [main] INFO  org.apache.catalina.core.StandardService - Starting service [Tomcat]
2021-03-03 15:28:15.489 [main] INFO  org.apache.catalina.core.StandardEngine - Starting Servlet engine: [Apache Tomcat/9.0.41]
2021-03-03 15:28:15.575 [main] INFO  org.apache.catalina.core.ContainerBase.[Tomcat].[localhost].[/] - Initializing Spring embedded WebApplicationContext
2021-03-03 15:28:15.935 [main] INFO  org.apache.coyote.http11.Http11NioProtocol - Starting ProtocolHandler ["http-nio-9233"]
2021-03-03 15:28:15.966 [main] INFO  com.yzz.wam.WamApplication - Started WamApplication in 2.103 seconds (JVM running for 3.883)
2021-03-03 15:28:25.262 [http-nio-9233-exec-1] INFO  org.apache.catalina.core.ContainerBase.[Tomcat].[localhost].[/] - Initializing Spring DispatcherServlet 'dispatcherServlet'
2021-03-03 15:28:25.272 [http-nio-9233-exec-1] INFO  com.yzz.wam.filter.MyFilter - 进入过滤器
2021-03-03 15:28:25.283 [http-nio-9233-exec-1] INFO  com.yzz.wam.intercepter.MyInterceptors - 进入拦截器
2021-03-03 15:28:25.284 [http-nio-9233-exec-1] INFO  com.yzz.wam.intercepter.MyInterceptors - 完成拦截器
2021-03-03 15:28:25.284 [http-nio-9233-exec-1] INFO  com.yzz.wam.intercepter.MyInterceptors - 完成拦截器2
2021-03-03 15:28:25.285 [http-nio-9233-exec-1] INFO  com.yzz.wam.filter.MyFilter - 完成过滤器
2021-03-03 15:28:25.291 [http-nio-9233-exec-1] INFO  com.yzz.wam.intercepter.MyInterceptors - 进入拦截器
2021-03-03 15:28:25.316 [http-nio-9233-exec-1] INFO  com.yzz.wam.intercepter.MyInterceptors - 完成拦截器
2021-03-03 15:28:25.322 [http-nio-9233-exec-1] INFO  com.yzz.wam.intercepter.MyInterceptors - 完成拦截器2
2021-03-03 15:38:12.541 [http-nio-9233-exec-4] INFO  com.yzz.wam.filter.MyFilter - 进入过滤器
2021-03-03 15:38:26.209 [http-nio-9233-exec-4] INFO  com.yzz.wam.intercepter.MyInterceptors - 进入拦截器
2021-03-03 15:38:26.221 [http-nio-9233-exec-4] INFO  com.yzz.wam.intercepter.MyInterceptors - 完成拦截器
2021-03-03 15:38:26.221 [http-nio-9233-exec-4] INFO  com.yzz.wam.intercepter.MyInterceptors - 完成拦截器2
2021-03-03 15:38:32.768 [http-nio-9233-exec-4] INFO  com.yzz.wam.filter.MyFilter - 完成过滤器
2021-03-03 15:38:35.368 [http-nio-9233-exec-4] INFO  com.yzz.wam.intercepter.MyInterceptors - 进入拦截器
2021-03-03 15:38:35.370 [http-nio-9233-exec-4] INFO  com.yzz.wam.intercepter.MyInterceptors - 完成拦截器
2021-03-03 15:38:35.371 [http-nio-9233-exec-4] INFO  com.yzz.wam.intercepter.MyInterceptors - 完成拦截器2
2021-03-03 15:42:48.496 [main] INFO  com.yzz.wam.WamApplication - Starting WamApplication using Java 1.8.0_231 on MECH-YKY with PID 4948 (D:\java\things\YzzUtils\worthlessamodule\target\classes started by harry in D:\java\things\YzzUtils)
2021-03-03 15:42:48.506 [main] INFO  com.yzz.wam.WamApplication - No active profile set, falling back to default profiles: default
2021-03-03 15:42:49.347 [main] INFO  org.apache.coyote.http11.Http11NioProtocol - Initializing ProtocolHandler ["http-nio-9233"]
2021-03-03 15:42:49.348 [main] INFO  org.apache.catalina.core.StandardService - Starting service [Tomcat]
2021-03-03 15:42:49.348 [main] INFO  org.apache.catalina.core.StandardEngine - Starting Servlet engine: [Apache Tomcat/9.0.41]
2021-03-03 15:42:49.432 [main] INFO  org.apache.catalina.core.ContainerBase.[Tomcat].[localhost].[/] - Initializing Spring embedded WebApplicationContext
2021-03-03 15:42:49.806 [main] INFO  org.apache.coyote.http11.Http11NioProtocol - Starting ProtocolHandler ["http-nio-9233"]
2021-03-03 15:42:49.834 [main] INFO  com.yzz.wam.WamApplication - Started WamApplication in 1.912 seconds (JVM running for 3.53)
2021-03-03 15:43:15.371 [http-nio-9233-exec-1] INFO  org.apache.catalina.core.ContainerBase.[Tomcat].[localhost].[/] - Initializing Spring DispatcherServlet 'dispatcherServlet'
2021-03-03 15:43:15.379 [http-nio-9233-exec-1] INFO  com.yzz.wam.filter.MyFilter - 进入过滤器
2021-03-03 15:43:19.998 [http-nio-9233-exec-1] INFO  com.yzz.wam.intercepter.MyInterceptors - 进入拦截器
2021-03-03 15:43:19.999 [http-nio-9233-exec-1] INFO  com.yzz.wam.intercepter.MyInterceptors - 完成拦截器
2021-03-03 15:43:20.000 [http-nio-9233-exec-1] INFO  com.yzz.wam.intercepter.MyInterceptors - 完成拦截器2
2021-03-03 15:43:20.002 [http-nio-9233-exec-1] INFO  com.yzz.wam.filter.MyFilter - 完成过滤器
2021-03-03 15:43:20.009 [http-nio-9233-exec-1] INFO  com.yzz.wam.intercepter.MyInterceptors - 进入拦截器
2021-03-03 15:43:20.034 [http-nio-9233-exec-1] INFO  com.yzz.wam.intercepter.MyInterceptors - 完成拦截器
2021-03-03 15:43:20.043 [http-nio-9233-exec-1] INFO  com.yzz.wam.intercepter.MyInterceptors - 完成拦截器2
2021-03-03 15:43:30.444 [http-nio-9233-exec-2] INFO  com.yzz.wam.filter.MyFilter - 进入过滤器
2021-03-03 15:43:35.513 [http-nio-9233-exec-2] INFO  com.yzz.wam.intercepter.MyInterceptors - 进入拦截器
2021-03-03 15:43:35.531 [http-nio-9233-exec-2] INFO  com.yzz.wam.intercepter.MyInterceptors - 完成拦截器
2021-03-03 15:43:35.531 [http-nio-9233-exec-2] INFO  com.yzz.wam.intercepter.MyInterceptors - 完成拦截器2
2021-03-03 15:43:35.531 [http-nio-9233-exec-2] INFO  com.yzz.wam.filter.MyFilter - 完成过滤器
